[ INFO ] at: 2023-04-08 08:58:15,838 Creating Inference Engine...
[ INFO ] at: 2023-04-08 08:58:15,838 Loading network
[ INFO ] at: 2023-04-08 08:58:15,902 Preparing inputs
[ INFO ] at: 2023-04-08 08:58:15,903 Loading model to the plugin
[ INFO ] at: 2023-04-08 08:58:15,991 Detecting objects in : Screenshot 2023-04-05 223956.jpg
[ INFO ] at: 2023-04-08 08:58:15,998 Starting inference...
[ INFO ] at: 2023-04-08 08:58:16,017 Inference Time was 0.017182605000925832 Seconds
[ INFO ] at: 2023-04-08 08:58:16,017 (1, 3, 512, 512)
[ INFO ] at: 2023-04-08 08:58:16,017 (683, 1068, 3)
[ INFO ] at: 2023-04-08 08:58:16,033  Class ID | Confidence | XMIN | YMIN | XMAX | YMAX | COLOR 
[ INFO ] at: 2023-04-08 08:58:16,033     0     |   0.087965 |  405 |  128 |  582 |  206 | (0.0, 0, 0) 
[ INFO ] at: 2023-04-08 08:58:16,033     0     |   0.078582 |  464 |  605 |  649 |  679 | (0.0, 0, 0) 
[ INFO ] at: 2023-04-08 08:58:16,033     0     |   0.070561 |  434 |   22 |  521 |   81 | (0.0, 0, 0) 
[ INFO ] at: 2023-04-08 08:58:16,042 Detecting objects in : Screenshot 2023-04-05 221718.jpg
[ INFO ] at: 2023-04-08 08:58:16,046 Starting inference...
[ INFO ] at: 2023-04-08 08:58:16,064 Inference Time was 0.01765114999943762 Seconds
[ INFO ] at: 2023-04-08 08:58:16,064 (1, 3, 512, 512)
[ INFO ] at: 2023-04-08 08:58:16,065 (601, 812, 3)
[ INFO ] at: 2023-04-08 08:58:16,079  Class ID | Confidence | XMIN | YMIN | XMAX | YMAX | COLOR 
[ INFO ] at: 2023-04-08 08:58:16,079     0     |   0.110599 |  401 |  461 |  490 |  522 | (0.0, 0, 0) 
[ INFO ] at: 2023-04-08 08:58:16,079     0     |   0.108560 |   23 |  472 |  135 |  570 | (0.0, 0, 0) 
[ INFO ] at: 2023-04-08 08:58:16,079     0     |   0.090237 |  261 |  538 |  366 |  596 | (0.0, 0, 0) 
[ INFO ] at: 2023-04-08 08:58:16,085 Detecting objects in : Screenshot 2023-04-05 230804.jpg
[ INFO ] at: 2023-04-08 08:58:16,093 Starting inference...
[ INFO ] at: 2023-04-08 08:58:16,113 Inference Time was 0.019254401999205584 Seconds
[ INFO ] at: 2023-04-08 08:58:16,113 (1, 3, 512, 512)
[ INFO ] at: 2023-04-08 08:58:16,113 (837, 1109, 3)
[ INFO ] at: 2023-04-08 08:58:16,122  Class ID | Confidence | XMIN | YMIN | XMAX | YMAX | COLOR 
[ INFO ] at: 2023-04-08 08:58:16,123     0     |   0.214117 |  343 |  389 |  435 |  467 | (0.0, 0, 0) 
[ INFO ] at: 2023-04-08 08:58:16,123     0     |   0.176656 |  343 |  293 |  433 |  353 | (0.0, 0, 0) 
[ INFO ] at: 2023-04-08 08:58:16,132 Detecting objects in : Screenshot 2023-04-05 231916.jpg
[ INFO ] at: 2023-04-08 08:58:16,137 Starting inference...
[ INFO ] at: 2023-04-08 08:58:16,158 Inference Time was 0.018678173000807874 Seconds
[ INFO ] at: 2023-04-08 08:58:16,158 (1, 3, 512, 512)
[ INFO ] at: 2023-04-08 08:58:16,158 (639, 1028, 3)
[ INFO ] at: 2023-04-08 08:58:16,168  Class ID | Confidence | XMIN | YMIN | XMAX | YMAX | COLOR 
[ INFO ] at: 2023-04-08 08:58:16,168     0     |   0.281630 |  264 |  361 |  343 |  419 | (0.0, 0, 0) 
[ INFO ] at: 2023-04-08 08:58:16,168     0     |   0.136441 |  246 |  262 |  355 |  332 | (0.0, 0, 0) 
[ INFO ] at: 2023-04-08 08:58:16,168     0     |   0.084881 |   89 |  268 |  195 |  341 | (0.0, 0, 0) 
[ INFO ] at: 2023-04-08 08:58:16,175 Detecting objects in : Screenshot 2023-04-05 233009.jpg
[ INFO ] at: 2023-04-08 08:58:16,180 Starting inference...
[ INFO ] at: 2023-04-08 08:58:16,199 Inference Time was 0.018676851999771316 Seconds
[ INFO ] at: 2023-04-08 08:58:16,199 (1, 3, 512, 512)
[ INFO ] at: 2023-04-08 08:58:16,199 (638, 1023, 3)
[ INFO ] at: 2023-04-08 08:58:16,211  Class ID | Confidence | XMIN | YMIN | XMAX | YMAX | COLOR 
[ INFO ] at: 2023-04-08 08:58:16,211     0     |   0.246731 |   72 |  437 |  155 |  489 | (0.0, 0, 0) 
[ INFO ] at: 2023-04-08 08:58:16,211     0     |   0.214806 |   65 |  332 |  165 |  400 | (0.0, 0, 0) 
[ INFO ] at: 2023-04-08 08:58:16,220 Detecting objects in : Screenshot 2023-04-05 232817.jpg
[ INFO ] at: 2023-04-08 08:58:16,225 Starting inference...
[ INFO ] at: 2023-04-08 08:58:16,243 Inference Time was 0.017181389999677776 Seconds
[ INFO ] at: 2023-04-08 08:58:16,243 (1, 3, 512, 512)
[ INFO ] at: 2023-04-08 08:58:16,243 (735, 1046, 3)
[ INFO ] at: 2023-04-08 08:58:16,253  Class ID | Confidence | XMIN | YMIN | XMAX | YMAX | COLOR 
[ INFO ] at: 2023-04-08 08:58:16,253     0     |   0.055213 |    0 |  176 |   92 |  261 | (0.0, 0, 0) 
[ INFO ] at: 2023-04-08 08:58:16,260 Detecting objects in : Screenshot 2023-04-05 221037.jpg
[ INFO ] at: 2023-04-08 08:58:16,266 Starting inference...
[ INFO ] at: 2023-04-08 08:58:16,285 Inference Time was 0.018244700999275665 Seconds
[ INFO ] at: 2023-04-08 08:58:16,285 (1, 3, 512, 512)
[ INFO ] at: 2023-04-08 08:58:16,285 (699, 1002, 3)
[ INFO ] at: 2023-04-08 08:58:16,295  Class ID | Confidence | XMIN | YMIN | XMAX | YMAX | COLOR 
[ INFO ] at: 2023-04-08 08:58:16,295     0     |   0.062445 |  268 |  177 |  387 |  245 | (0.0, 0, 0) 
[ INFO ] at: 2023-04-08 08:58:16,295     0     |   0.061099 |  321 |  119 |  406 |  168 | (0.0, 0, 0) 
[ INFO ] at: 2023-04-08 08:58:16,295     0     |   0.052812 |  311 |  154 |  407 |  201 | (0.0, 0, 0) 
[ INFO ] at: 2023-04-08 08:58:16,303 Detecting objects in : Screenshot 2023-04-05 231606.jpg
[ INFO ] at: 2023-04-08 08:58:16,308 Starting inference...
[ INFO ] at: 2023-04-08 08:58:16,326 Inference Time was 0.01709529400068277 Seconds
[ INFO ] at: 2023-04-08 08:58:16,326 (1, 3, 512, 512)
[ INFO ] at: 2023-04-08 08:58:16,326 (675, 1023, 3)
[ INFO ] at: 2023-04-08 08:58:16,342  Class ID | Confidence | XMIN | YMIN | XMAX | YMAX | COLOR 
[ INFO ] at: 2023-04-08 08:58:16,342     0     |   0.094014 |    0 |   98 |  110 |  171 | (0.0, 0, 0) 
[ INFO ] at: 2023-04-08 08:58:16,343     0     |   0.062122 |  145 |  137 |  314 |  212 | (0.0, 0, 0) 
[ INFO ] at: 2023-04-08 08:58:16,350 Detecting objects in : Screenshot 2023-04-05 221933.jpg
[ INFO ] at: 2023-04-08 08:58:16,354 Starting inference...
[ INFO ] at: 2023-04-08 08:58:16,375 Inference Time was 0.017636967999351327 Seconds
[ INFO ] at: 2023-04-08 08:58:16,375 (1, 3, 512, 512)
[ INFO ] at: 2023-04-08 08:58:16,375 (639, 990, 3)
[ INFO ] at: 2023-04-08 08:58:16,384  Class ID | Confidence | XMIN | YMIN | XMAX | YMAX | COLOR 
[ INFO ] at: 2023-04-08 08:58:16,384     0     |   0.355019 |  501 |  142 |  589 |  213 | (0.0, 0, 0) 
[ INFO ] at: 2023-04-08 08:58:16,391 Detecting objects in : Screenshot 2023-04-05 232514.jpg
[ INFO ] at: 2023-04-08 08:58:16,395 Starting inference...
[ INFO ] at: 2023-04-08 08:58:16,411 Inference Time was 0.015115824000531575 Seconds
[ INFO ] at: 2023-04-08 08:58:16,411 (1, 3, 512, 512)
[ INFO ] at: 2023-04-08 08:58:16,411 (632, 1004, 3)
[ INFO ] at: 2023-04-08 08:58:16,421  Class ID | Confidence | XMIN | YMIN | XMAX | YMAX | COLOR 
[ INFO ] at: 2023-04-08 08:58:16,421     0     |   0.304035 |    0 |  260 |   83 |  340 | (0.0, 0, 0) 
[ INFO ] at: 2023-04-08 08:58:16,421     0     |   0.219574 |  185 |  330 |  279 |  402 | (0.0, 0, 0) 
[ INFO ] at: 2023-04-08 08:58:16,421     0     |   0.176890 |  182 |  258 |  280 |  328 | (0.0, 0, 0) 
[ INFO ] at: 2023-04-08 08:58:16,421     0     |   0.074378 |    0 |  358 |   34 |  432 | (0.0, 0, 0) 
[ INFO ] at: 2023-04-08 08:58:16,421     0     |   0.053967 |  237 |  526 |  357 |  573 | (0.0, 0, 0) 
[ INFO ] at: 2023-04-08 08:58:16,421     0     |   0.050919 |  150 |  388 |  255 |  459 | (0.0, 0, 0) 
[ INFO ] at: 2023-04-08 08:58:16,428 Detecting objects in : Screenshot 2023-04-05 230036.jpg
[ INFO ] at: 2023-04-08 08:58:16,434 Starting inference...
[ INFO ] at: 2023-04-08 08:58:16,452 Inference Time was 0.01784854799916502 Seconds
[ INFO ] at: 2023-04-08 08:58:16,452 (1, 3, 512, 512)
[ INFO ] at: 2023-04-08 08:58:16,452 (735, 1132, 3)
[ INFO ] at: 2023-04-08 08:58:16,472 Detecting objects in : Screenshot 2023-04-05 232031.jpg
[ INFO ] at: 2023-04-08 08:58:16,477 Starting inference...
[ INFO ] at: 2023-04-08 08:58:16,494 Inference Time was 0.016546917999221478 Seconds
[ INFO ] at: 2023-04-08 08:58:16,494 (1, 3, 512, 512)
[ INFO ] at: 2023-04-08 08:58:16,494 (770, 978, 3)
[ INFO ] at: 2023-04-08 08:58:16,504  Class ID | Confidence | XMIN | YMIN | XMAX | YMAX | COLOR 
[ INFO ] at: 2023-04-08 08:58:16,504     0     |   0.183267 |  590 |  509 |  820 |  595 | (0.0, 0, 0) 
[ INFO ] at: 2023-04-08 08:58:16,504     0     |   0.180848 |  208 |  241 |  312 |  311 | (0.0, 0, 0) 
[ INFO ] at: 2023-04-08 08:58:16,504     0     |   0.115741 |  213 |  332 |  312 |  403 | (0.0, 0, 0) 
[ INFO ] at: 2023-04-08 08:58:16,511 Detecting objects in : Screenshot 2023-04-05 232304.jpg
[ INFO ] at: 2023-04-08 08:58:16,516 Starting inference...
[ INFO ] at: 2023-04-08 08:58:16,534 Inference Time was 0.01729559699924721 Seconds
[ INFO ] at: 2023-04-08 08:58:16,534 (1, 3, 512, 512)
[ INFO ] at: 2023-04-08 08:58:16,534 (676, 903, 3)
[ INFO ] at: 2023-04-08 08:58:16,545  Class ID | Confidence | XMIN | YMIN | XMAX | YMAX | COLOR 
[ INFO ] at: 2023-04-08 08:58:16,545     0     |   0.136872 |   31 |  200 |  115 |  270 | (0.0, 0, 0) 
[ INFO ] at: 2023-04-08 08:58:16,545     0     |   0.056176 |   52 |  114 |  229 |  178 | (0.0, 0, 0) 
[ INFO ] at: 2023-04-08 08:58:16,551 Detecting objects in : Screenshot 2023-04-05 225015.jpg
[ INFO ] at: 2023-04-08 08:58:16,557 Starting inference...
[ INFO ] at: 2023-04-08 08:58:16,574 Inference Time was 0.01590139600011753 Seconds
[ INFO ] at: 2023-04-08 08:58:16,574 (1, 3, 512, 512)
[ INFO ] at: 2023-04-08 08:58:16,574 (824, 1024, 3)
[ INFO ] at: 2023-04-08 08:58:16,583  Class ID | Confidence | XMIN | YMIN | XMAX | YMAX | COLOR 
[ INFO ] at: 2023-04-08 08:58:16,583     0     |   0.322311 |  357 |  300 |  454 |  373 | (0.0, 0, 0) 
[ INFO ] at: 2023-04-08 08:58:16,583     0     |   0.256970 |  358 |  388 |  448 |  466 | (0.0, 0, 0) 
[ INFO ] at: 2023-04-08 08:58:16,583     0     |   0.103835 |  118 |  300 |  325 |  372 | (0.0, 0, 0) 
[ INFO ] at: 2023-04-08 08:58:16,592 Detecting objects in : Screenshot 2023-04-05 223822.jpg
[ INFO ] at: 2023-04-08 08:58:16,597 Starting inference...
[ INFO ] at: 2023-04-08 08:58:16,615 Inference Time was 0.017126536999057862 Seconds
[ INFO ] at: 2023-04-08 08:58:16,615 (1, 3, 512, 512)
[ INFO ] at: 2023-04-08 08:58:16,615 (756, 1062, 3)
[ INFO ] at: 2023-04-08 08:58:16,632 Detecting objects in : Screenshot 2023-04-05 225635.jpg
[ INFO ] at: 2023-04-08 08:58:16,637 Starting inference...
[ INFO ] at: 2023-04-08 08:58:16,653 Inference Time was 0.01574750800136826 Seconds
[ INFO ] at: 2023-04-08 08:58:16,654 (1, 3, 512, 512)
[ INFO ] at: 2023-04-08 08:58:16,654 (741, 946, 3)
[ INFO ] at: 2023-04-08 08:58:16,664  Class ID | Confidence | XMIN | YMIN | XMAX | YMAX | COLOR 
[ INFO ] at: 2023-04-08 08:58:16,664     0     |   0.395664 |  286 |   85 |  379 |  153 | (0.0, 0, 0) 
[ INFO ] at: 2023-04-08 08:58:16,664     0     |   0.212176 |  273 |  185 |  359 |  247 | (0.0, 0, 0) 
[ INFO ] at: 2023-04-08 08:58:16,664     0     |   0.054767 |   53 |   93 |  157 |  159 | (0.0, 0, 0) 
[ INFO ] at: 2023-04-08 08:58:16,671 Detecting objects in : Screenshot 2023-04-05 223648.jpg
[ INFO ] at: 2023-04-08 08:58:16,675 Starting inference...
[ INFO ] at: 2023-04-08 08:58:16,690 Inference Time was 0.01387527999941085 Seconds
[ INFO ] at: 2023-04-08 08:58:16,690 (1, 3, 512, 512)
[ INFO ] at: 2023-04-08 08:58:16,690 (620, 913, 3)
[ INFO ] at: 2023-04-08 08:58:16,699  Class ID | Confidence | XMIN | YMIN | XMAX | YMAX | COLOR 
[ INFO ] at: 2023-04-08 08:58:16,699     0     |   0.146287 |  425 |  271 |  505 |  335 | (0.0, 0, 0) 
[ INFO ] at: 2023-04-08 08:58:16,699     0     |   0.087315 |  227 |  196 |  314 |  240 | (0.0, 0, 0) 
[ INFO ] at: 2023-04-08 08:58:16,699     0     |   0.050643 |  422 |  177 |  515 |  238 | (0.0, 0, 0) 
[ INFO ] at: 2023-04-08 08:58:16,706 Detecting objects in : Screenshot 2023-04-05 224806.jpg
[ INFO ] at: 2023-04-08 08:58:16,711 Starting inference...
[ INFO ] at: 2023-04-08 08:58:16,731 Inference Time was 0.019349805999809178 Seconds
[ INFO ] at: 2023-04-08 08:58:16,731 (1, 3, 512, 512)
[ INFO ] at: 2023-04-08 08:58:16,732 (774, 1051, 3)
[ INFO ] at: 2023-04-08 08:58:16,742  Class ID | Confidence | XMIN | YMIN | XMAX | YMAX | COLOR 
[ INFO ] at: 2023-04-08 08:58:16,742     0     |   0.434143 |  453 |  246 |  557 |  311 | (0.0, 0, 0) 
[ INFO ] at: 2023-04-08 08:58:16,742     0     |   0.372305 |  455 |  339 |  551 |  406 | (0.0, 0, 0) 
[ INFO ] at: 2023-04-08 08:58:16,742     0     |   0.250618 |  259 |  267 |  354 |  318 | (0.0, 0, 0) 
[ INFO ] at: 2023-04-08 08:58:16,742     0     |   0.225751 |  610 |  693 |  723 |  772 | (0.0, 0, 0) 
[ INFO ] at: 2023-04-08 08:58:16,743     0     |   0.082487 |  452 |  669 |  564 |  719 | (0.0, 0, 0) 
[ INFO ] at: 2023-04-08 08:58:16,743     0     |   0.066598 |  487 |  703 |  591 |  757 | (0.0, 0, 0) 
[ INFO ] at: 2023-04-08 08:58:16,751 Detecting objects in : Screenshot 2023-04-05 232630.jpg
[ INFO ] at: 2023-04-08 08:58:16,756 Starting inference...
[ INFO ] at: 2023-04-08 08:58:16,771 Inference Time was 0.013820283998938976 Seconds
[ INFO ] at: 2023-04-08 08:58:16,771 (1, 3, 512, 512)
[ INFO ] at: 2023-04-08 08:58:16,771 (786, 996, 3)
[ INFO ] at: 2023-04-08 08:58:16,782  Class ID | Confidence | XMIN | YMIN | XMAX | YMAX | COLOR 
[ INFO ] at: 2023-04-08 08:58:16,782     0     |   0.068641 |   82 |  245 |  239 |  343 | (0.0, 0, 0) 
