[ INFO ] at: 2023-04-08 06:43:09,009 Creating Inference Engine...
[ INFO ] at: 2023-04-08 06:43:09,010 Loading network
[ INFO ] at: 2023-04-08 06:43:09,082 Preparing inputs
[ INFO ] at: 2023-04-08 06:43:09,082 Loading model to the plugin
[ INFO ] at: 2023-04-08 06:43:09,148 Detecting objects in : Screenshot 2023-04-05 223956.jpg
[ INFO ] at: 2023-04-08 06:43:09,154 Starting inference...
[ INFO ] at: 2023-04-08 06:43:09,176 Inference Time was 0.020209651999721245 Seconds
[ INFO ] at: 2023-04-08 06:43:09,176 (1, 3, 512, 512)
[ INFO ] at: 2023-04-08 06:43:09,176 (683, 1068, 3)
[ INFO ] at: 2023-04-08 06:43:09,186  Class ID | Confidence | XMIN | YMIN | XMAX | YMAX | COLOR 
[ INFO ] at: 2023-04-08 06:43:09,186     0     |   0.206296 |  439 |   22 |  513 |   81 | (0.0, 0, 0) 
[ INFO ] at: 2023-04-08 06:43:09,186     0     |   0.083004 |  432 |  123 |  527 |  179 | (0.0, 0, 0) 
[ INFO ] at: 2023-04-08 06:43:11,649 Detecting objects in : Screenshot 2023-04-05 221718.jpg
[ INFO ] at: 2023-04-08 06:43:11,659 Starting inference...
[ INFO ] at: 2023-04-08 06:43:11,682 Inference Time was 0.02175862900003267 Seconds
[ INFO ] at: 2023-04-08 06:43:11,682 (1, 3, 512, 512)
[ INFO ] at: 2023-04-08 06:43:11,682 (601, 812, 3)
[ INFO ] at: 2023-04-08 06:43:12,596 Detecting objects in : Screenshot 2023-04-05 230804.jpg
[ INFO ] at: 2023-04-08 06:43:12,607 Starting inference...
[ INFO ] at: 2023-04-08 06:43:12,628 Inference Time was 0.02019658300014271 Seconds
[ INFO ] at: 2023-04-08 06:43:12,628 (1, 3, 512, 512)
[ INFO ] at: 2023-04-08 06:43:12,628 (837, 1109, 3)
[ INFO ] at: 2023-04-08 06:43:12,638  Class ID | Confidence | XMIN | YMIN | XMAX | YMAX | COLOR 
[ INFO ] at: 2023-04-08 06:43:12,638     0     |   0.312672 |  344 |  294 |  432 |  352 | (0.0, 0, 0) 
[ INFO ] at: 2023-04-08 06:43:12,638     0     |   0.295627 |  347 |  394 |  429 |  457 | (0.0, 0, 0) 
[ INFO ] at: 2023-04-08 06:43:12,639     0     |   0.099771 |  128 |  299 |  244 |  374 | (0.0, 0, 0) 
[ INFO ] at: 2023-04-08 06:43:13,342 Detecting objects in : Screenshot 2023-04-05 231916.jpg
[ INFO ] at: 2023-04-08 06:43:13,350 Starting inference...
[ INFO ] at: 2023-04-08 06:43:13,370 Inference Time was 0.018880186000387766 Seconds
[ INFO ] at: 2023-04-08 06:43:13,370 (1, 3, 512, 512)
[ INFO ] at: 2023-04-08 06:43:13,370 (639, 1028, 3)
[ INFO ] at: 2023-04-08 06:43:13,381  Class ID | Confidence | XMIN | YMIN | XMAX | YMAX | COLOR 
[ INFO ] at: 2023-04-08 06:43:13,381     0     |   0.386449 |  267 |  361 |  342 |  419 | (0.0, 0, 0) 
[ INFO ] at: 2023-04-08 06:43:13,381     0     |   0.149577 |  230 |  269 |  322 |  320 | (0.0, 0, 0) 
[ INFO ] at: 2023-04-08 06:43:13,381     0     |   0.138140 |   95 |  278 |  182 |  330 | (0.0, 0, 0) 
[ INFO ] at: 2023-04-08 06:43:13,381     0     |   0.103825 |   99 |  338 |  183 |  389 | (0.0, 0, 0) 
[ INFO ] at: 2023-04-08 06:43:14,328 Detecting objects in : Screenshot 2023-04-05 233009.jpg
[ INFO ] at: 2023-04-08 06:43:14,339 Starting inference...
[ INFO ] at: 2023-04-08 06:43:14,364 Inference Time was 0.02402695799992216 Seconds
[ INFO ] at: 2023-04-08 06:43:14,364 (1, 3, 512, 512)
[ INFO ] at: 2023-04-08 06:43:14,364 (638, 1023, 3)
[ INFO ] at: 2023-04-08 06:43:14,374  Class ID | Confidence | XMIN | YMIN | XMAX | YMAX | COLOR 
[ INFO ] at: 2023-04-08 06:43:14,375     0     |   0.429411 |   75 |  439 |  153 |  489 | (0.0, 0, 0) 
[ INFO ] at: 2023-04-08 06:43:14,375     0     |   0.285275 |   91 |  342 |  182 |  393 | (0.0, 0, 0) 
[ INFO ] at: 2023-04-08 06:43:14,375     0     |   0.083847 |   10 |  523 |   62 |  594 | (0.0, 0, 0) 
[ INFO ] at: 2023-04-08 06:43:14,375     0     |   0.052691 |    0 |  491 |   38 |  568 | (0.0, 0, 0) 
[ INFO ] at: 2023-04-08 06:43:15,174 Detecting objects in : Screenshot 2023-04-05 232817.jpg
[ INFO ] at: 2023-04-08 06:43:15,188 Starting inference...
[ INFO ] at: 2023-04-08 06:43:15,209 Inference Time was 0.020506680999460514 Seconds
[ INFO ] at: 2023-04-08 06:43:15,209 (1, 3, 512, 512)
[ INFO ] at: 2023-04-08 06:43:15,209 (735, 1046, 3)
[ INFO ] at: 2023-04-08 06:43:15,219  Class ID | Confidence | XMIN | YMIN | XMAX | YMAX | COLOR 
[ INFO ] at: 2023-04-08 06:43:15,219     0     |   0.148735 |  764 |   98 |  842 |  151 | (0.0, 0, 0) 
[ INFO ] at: 2023-04-08 06:43:15,219     0     |   0.084010 |    0 |  185 |   45 |  248 | (0.0, 0, 0) 
[ INFO ] at: 2023-04-08 06:43:15,838 Detecting objects in : Screenshot 2023-04-05 221037.jpg
[ INFO ] at: 2023-04-08 06:43:15,850 Starting inference...
[ INFO ] at: 2023-04-08 06:43:15,871 Inference Time was 0.019269673000053444 Seconds
[ INFO ] at: 2023-04-08 06:43:15,871 (1, 3, 512, 512)
[ INFO ] at: 2023-04-08 06:43:15,871 (699, 1002, 3)
[ INFO ] at: 2023-04-08 06:43:15,882  Class ID | Confidence | XMIN | YMIN | XMAX | YMAX | COLOR 
[ INFO ] at: 2023-04-08 06:43:15,882     0     |   0.182385 |  330 |  119 |  400 |  170 | (0.0, 0, 0) 
[ INFO ] at: 2023-04-08 06:43:15,882     0     |   0.132779 |  345 |  152 |  423 |  200 | (0.0, 0, 0) 
[ INFO ] at: 2023-04-08 06:43:15,882     0     |   0.107787 |  280 |  187 |  376 |  234 | (0.0, 0, 0) 
[ INFO ] at: 2023-04-08 06:43:15,882     0     |   0.065249 |  252 |  209 |  346 |  259 | (0.0, 0, 0) 
[ INFO ] at: 2023-04-08 06:43:15,882     0     |   0.051938 |  342 |  182 |  433 |  226 | (0.0, 0, 0) 
[ INFO ] at: 2023-04-08 06:43:16,404 Detecting objects in : Screenshot 2023-04-05 231606.jpg
[ INFO ] at: 2023-04-08 06:43:16,412 Starting inference...
[ INFO ] at: 2023-04-08 06:43:16,436 Inference Time was 0.023433706000105303 Seconds
[ INFO ] at: 2023-04-08 06:43:16,436 (1, 3, 512, 512)
[ INFO ] at: 2023-04-08 06:43:16,436 (675, 1023, 3)
[ INFO ] at: 2023-04-08 06:43:16,446  Class ID | Confidence | XMIN | YMIN | XMAX | YMAX | COLOR 
[ INFO ] at: 2023-04-08 06:43:16,446     0     |   0.140479 |  224 |  103 |  308 |  148 | (0.0, 0, 0) 
[ INFO ] at: 2023-04-08 06:43:16,446     0     |   0.135994 |    0 |  129 |   96 |  178 | (0.0, 0, 0) 
[ INFO ] at: 2023-04-08 06:43:16,446     0     |   0.059346 |  187 |  139 |  291 |  182 | (0.0, 0, 0) 
[ INFO ] at: 2023-04-08 06:43:16,949 Detecting objects in : Screenshot 2023-04-05 221933.jpg
[ INFO ] at: 2023-04-08 06:43:16,956 Starting inference...
[ INFO ] at: 2023-04-08 06:43:16,979 Inference Time was 0.021262217000185046 Seconds
[ INFO ] at: 2023-04-08 06:43:16,979 (1, 3, 512, 512)
[ INFO ] at: 2023-04-08 06:43:16,979 (639, 990, 3)
[ INFO ] at: 2023-04-08 06:43:16,989  Class ID | Confidence | XMIN | YMIN | XMAX | YMAX | COLOR 
[ INFO ] at: 2023-04-08 06:43:16,989     0     |   0.327549 |  510 |  146 |  583 |  203 | (0.0, 0, 0) 
[ INFO ] at: 2023-04-08 06:43:16,989     0     |   0.097803 |  318 |   66 |  401 |  111 | (0.0, 0, 0) 
[ INFO ] at: 2023-04-08 06:43:17,490 Detecting objects in : Screenshot 2023-04-05 232514.jpg
[ INFO ] at: 2023-04-08 06:43:17,498 Starting inference...
[ INFO ] at: 2023-04-08 06:43:17,521 Inference Time was 0.02179275999969832 Seconds
[ INFO ] at: 2023-04-08 06:43:17,521 (1, 3, 512, 512)
[ INFO ] at: 2023-04-08 06:43:17,521 (632, 1004, 3)
[ INFO ] at: 2023-04-08 06:43:17,531  Class ID | Confidence | XMIN | YMIN | XMAX | YMAX | COLOR 
[ INFO ] at: 2023-04-08 06:43:17,531     0     |   0.382106 |  192 |  337 |  266 |  390 | (0.0, 0, 0) 
[ INFO ] at: 2023-04-08 06:43:17,531     0     |   0.268861 |    1 |  270 |   74 |  326 | (0.0, 0, 0) 
[ INFO ] at: 2023-04-08 06:43:17,531     0     |   0.196700 |  189 |  263 |  270 |  316 | (0.0, 0, 0) 
[ INFO ] at: 2023-04-08 06:43:17,531     0     |   0.180826 |    0 |  362 |   36 |  430 | (0.0, 0, 0) 
[ INFO ] at: 2023-04-08 06:43:17,531     0     |   0.088947 |  156 |  398 |  249 |  448 | (0.0, 0, 0) 
[ INFO ] at: 2023-04-08 06:43:18,036 Detecting objects in : Screenshot 2023-04-05 230036.jpg
[ INFO ] at: 2023-04-08 06:43:18,053 Starting inference...
[ INFO ] at: 2023-04-08 06:43:18,075 Inference Time was 0.020793342000615667 Seconds
[ INFO ] at: 2023-04-08 06:43:18,075 (1, 3, 512, 512)
[ INFO ] at: 2023-04-08 06:43:18,075 (735, 1132, 3)
[ INFO ] at: 2023-04-08 06:43:18,085  Class ID | Confidence | XMIN | YMIN | XMAX | YMAX | COLOR 
[ INFO ] at: 2023-04-08 06:43:18,085     0     |   0.062315 |  200 |  355 |  319 |  406 | (0.0, 0, 0) 
[ INFO ] at: 2023-04-08 06:43:18,660 Detecting objects in : Screenshot 2023-04-05 232031.jpg
[ INFO ] at: 2023-04-08 06:43:18,673 Starting inference...
[ INFO ] at: 2023-04-08 06:43:18,696 Inference Time was 0.021450831000038306 Seconds
[ INFO ] at: 2023-04-08 06:43:18,696 (1, 3, 512, 512)
[ INFO ] at: 2023-04-08 06:43:18,696 (770, 978, 3)
[ INFO ] at: 2023-04-08 06:43:18,707  Class ID | Confidence | XMIN | YMIN | XMAX | YMAX | COLOR 
[ INFO ] at: 2023-04-08 06:43:18,707     0     |   0.259958 |  220 |  250 |  298 |  299 | (0.0, 0, 0) 
[ INFO ] at: 2023-04-08 06:43:18,707     0     |   0.174858 |  219 |  313 |  293 |  362 | (0.0, 0, 0) 
[ INFO ] at: 2023-04-08 06:43:18,707     0     |   0.133496 |  222 |  280 |  297 |  329 | (0.0, 0, 0) 
[ INFO ] at: 2023-04-08 06:43:18,707     0     |   0.118905 |  223 |  343 |  301 |  395 | (0.0, 0, 0) 
[ INFO ] at: 2023-04-08 06:43:18,707     0     |   0.098203 |  279 |  258 |  363 |  304 | (0.0, 0, 0) 
[ INFO ] at: 2023-04-08 06:43:18,708     0     |   0.078121 |  595 |  679 |  662 |  731 | (0.0, 0, 0) 
[ INFO ] at: 2023-04-08 06:43:18,708     0     |   0.059978 |  256 |  160 |  328 |  207 | (0.0, 0, 0) 
[ INFO ] at: 2023-04-08 06:43:19,284 Detecting objects in : Screenshot 2023-04-05 232304.jpg
[ INFO ] at: 2023-04-08 06:43:19,289 Starting inference...
[ INFO ] at: 2023-04-08 06:43:19,311 Inference Time was 0.021068046999971557 Seconds
[ INFO ] at: 2023-04-08 06:43:19,311 (1, 3, 512, 512)
[ INFO ] at: 2023-04-08 06:43:19,311 (676, 903, 3)
[ INFO ] at: 2023-04-08 06:43:19,321  Class ID | Confidence | XMIN | YMIN | XMAX | YMAX | COLOR 
[ INFO ] at: 2023-04-08 06:43:19,321     0     |   0.118721 |   32 |  201 |  113 |  266 | (0.0, 0, 0) 
[ INFO ] at: 2023-04-08 06:43:19,322     0     |   0.078715 |   57 |  125 |  137 |  168 | (0.0, 0, 0) 
[ INFO ] at: 2023-04-08 06:43:19,928 Detecting objects in : Screenshot 2023-04-05 225015.jpg
[ INFO ] at: 2023-04-08 06:43:19,937 Starting inference...
[ INFO ] at: 2023-04-08 06:43:19,958 Inference Time was 0.019750214999476157 Seconds
[ INFO ] at: 2023-04-08 06:43:19,958 (1, 3, 512, 512)
[ INFO ] at: 2023-04-08 06:43:19,958 (824, 1024, 3)
[ INFO ] at: 2023-04-08 06:43:19,968  Class ID | Confidence | XMIN | YMIN | XMAX | YMAX | COLOR 
[ INFO ] at: 2023-04-08 06:43:19,968     0     |   0.293851 |  363 |  389 |  444 |  464 | (0.0, 0, 0) 
[ INFO ] at: 2023-04-08 06:43:19,968     0     |   0.264827 |  360 |  301 |  451 |  372 | (0.0, 0, 0) 
[ INFO ] at: 2023-04-08 06:43:19,968     0     |   0.052904 |  156 |  327 |  252 |  378 | (0.0, 0, 0) 
[ INFO ] at: 2023-04-08 06:43:20,534 Detecting objects in : Screenshot 2023-04-05 223822.jpg
[ INFO ] at: 2023-04-08 06:43:20,541 Starting inference...
[ INFO ] at: 2023-04-08 06:43:20,561 Inference Time was 0.01943194500017853 Seconds
[ INFO ] at: 2023-04-08 06:43:20,561 (1, 3, 512, 512)
[ INFO ] at: 2023-04-08 06:43:20,561 (756, 1062, 3)
[ INFO ] at: 2023-04-08 06:43:21,198 Detecting objects in : Screenshot 2023-04-05 225635.jpg
[ INFO ] at: 2023-04-08 06:43:21,205 Starting inference...
[ INFO ] at: 2023-04-08 06:43:21,226 Inference Time was 0.019609680000030494 Seconds
[ INFO ] at: 2023-04-08 06:43:21,226 (1, 3, 512, 512)
[ INFO ] at: 2023-04-08 06:43:21,226 (741, 946, 3)
[ INFO ] at: 2023-04-08 06:43:21,236  Class ID | Confidence | XMIN | YMIN | XMAX | YMAX | COLOR 
[ INFO ] at: 2023-04-08 06:43:21,236     0     |   0.346026 |  289 |   86 |  375 |  152 | (0.0, 0, 0) 
[ INFO ] at: 2023-04-08 06:43:21,236     0     |   0.185673 |  276 |  186 |  357 |  246 | (0.0, 0, 0) 
[ INFO ] at: 2023-04-08 06:43:21,236     0     |   0.117501 |   68 |  116 |  144 |  163 | (0.0, 0, 0) 
[ INFO ] at: 2023-04-08 06:43:21,802 Detecting objects in : Screenshot 2023-04-05 223648.jpg
[ INFO ] at: 2023-04-08 06:43:21,808 Starting inference...
[ INFO ] at: 2023-04-08 06:43:21,850 Inference Time was 0.03657945600025414 Seconds
[ INFO ] at: 2023-04-08 06:43:21,850 (1, 3, 512, 512)
[ INFO ] at: 2023-04-08 06:43:21,850 (620, 913, 3)
[ INFO ] at: 2023-04-08 06:43:21,867  Class ID | Confidence | XMIN | YMIN | XMAX | YMAX | COLOR 
[ INFO ] at: 2023-04-08 06:43:21,867     0     |   0.169119 |  433 |  277 |  496 |  330 | (0.0, 0, 0) 
[ INFO ] at: 2023-04-08 06:43:21,867     0     |   0.108303 |  431 |  182 |  507 |  228 | (0.0, 0, 0) 
[ INFO ] at: 2023-04-08 06:43:21,867     0     |   0.074599 |  486 |  211 |  567 |  259 | (0.0, 0, 0) 
[ INFO ] at: 2023-04-08 06:43:22,426 Detecting objects in : Screenshot 2023-04-05 224806.jpg
[ INFO ] at: 2023-04-08 06:43:22,436 Starting inference...
[ INFO ] at: 2023-04-08 06:43:22,458 Inference Time was 0.021338178999940283 Seconds
[ INFO ] at: 2023-04-08 06:43:22,458 (1, 3, 512, 512)
[ INFO ] at: 2023-04-08 06:43:22,458 (774, 1051, 3)
[ INFO ] at: 2023-04-08 06:43:22,468  Class ID | Confidence | XMIN | YMIN | XMAX | YMAX | COLOR 
[ INFO ] at: 2023-04-08 06:43:22,468     0     |   0.431693 |  460 |  342 |  546 |  398 | (0.0, 0, 0) 
[ INFO ] at: 2023-04-08 06:43:22,468     0     |   0.430765 |  459 |  253 |  551 |  306 | (0.0, 0, 0) 
[ INFO ] at: 2023-04-08 06:43:22,468     0     |   0.387679 |  262 |  268 |  350 |  318 | (0.0, 0, 0) 
[ INFO ] at: 2023-04-08 06:43:22,468     0     |   0.120485 |  613 |  694 |  718 |  771 | (0.0, 0, 0) 
[ INFO ] at: 2023-04-08 06:43:22,468     0     |   0.114237 |  458 |  671 |  557 |  717 | (0.0, 0, 0) 
[ INFO ] at: 2023-04-08 06:43:22,468     0     |   0.089159 |  496 |  703 |  584 |  757 | (0.0, 0, 0) 
[ INFO ] at: 2023-04-08 06:43:22,468     0     |   0.062885 |  451 |  643 |  555 |  690 | (0.0, 0, 0) 
[ INFO ] at: 2023-04-08 06:43:23,032 Detecting objects in : Screenshot 2023-04-05 232630.jpg
[ INFO ] at: 2023-04-08 06:43:23,041 Starting inference...
[ INFO ] at: 2023-04-08 06:43:23,063 Inference Time was 0.02055802999984735 Seconds
[ INFO ] at: 2023-04-08 06:43:23,063 (1, 3, 512, 512)
[ INFO ] at: 2023-04-08 06:43:23,063 (786, 996, 3)
[ INFO ] at: 2023-04-08 06:43:23,074  Class ID | Confidence | XMIN | YMIN | XMAX | YMAX | COLOR 
[ INFO ] at: 2023-04-08 06:43:23,074     0     |   0.169503 |  129 |  252 |  211 |  303 | (0.0, 0, 0) 
[ INFO ] at: 2023-04-08 06:43:23,074     0     |   0.113693 |  129 |  346 |  212 |  398 | (0.0, 0, 0) 
[ INFO ] at: 2023-04-08 06:43:23,074     0     |   0.105568 |  242 |    3 |  341 |   50 | (0.0, 0, 0) 
